<?xml version="1.0" encoding="UTF-8"?>
<!-- Generated by org.testng.reporters.JUnitXMLReporter -->
<testsuite ignored="6" hostname="Seema_laptop" failures="0" tests="5" name="Test" time="0.062" errors="0" timestamp="2026-01-28T11:41:27 EST">
  <testcase classname="Excercise.annotationPract" name="testcase10" time="0.007"/>
  <testcase classname="Excercise.annotationPract2" name="testcasepract1" time="0.002"/>
  <testcase classname="Excercise.annotationPract2" name="testcasepract2" time="0.001"/>
  <testcase classname="Excercise.annotationPract2" name="testcasepract3" time="0.003"/>
  <testcase classname="Excercise.annotationPract2" name="testcasepract4" time="0.003"/>
  <testcase classname="Excercise.annotationPract" name="testcase5" time="0.0">
    <ignored/>
  </testcase> <!-- testcase5 -->
  <testcase classname="Excercise.annotationPract" name="testcase4" time="0.0">
    <ignored/>
  </testcase> <!-- testcase4 -->
  <testcase classname="Excercise.annotationPract" name="testcase7" time="0.0">
    <ignored/>
  </testcase> <!-- testcase7 -->
  <testcase classname="Excercise.annotationPract" name="testcase6" time="0.0">
    <ignored/>
  </testcase> <!-- testcase6 -->
  <testcase classname="Excercise.annotationPract" name="testcase3" time="0.0">
    <ignored/>
  </testcase> <!-- testcase3 -->
  <testcase classname="Excercise.annotationPract" name="testcase2" time="0.0">
    <ignored/>
  </testcase> <!-- testcase2 -->
</testsuite> <!-- Test -->
