<?xml version="1.0" encoding="UTF-8"?>
<!-- Generated by org.testng.reporters.JUnitReportReporter -->
<testsuite hostname="Seema_laptop" failures="0" tests="7" name="Excercise.annotationPract" time="0.015" errors="0" timestamp="2026-01-27T10:34:28 EST" skipped="0">
  <testcase classname="Excercise.annotationPract" name="testcase6" time="0.001"/>
  <testcase classname="Excercise.annotationPract" name="testcase5" time="0.001"/>
  <testcase classname="Excercise.annotationPract" name="testcase3" time="0.001"/>
  <testcase classname="Excercise.annotationPract" name="testcase4" time="0.001"/>
  <testcase classname="Excercise.annotationPract" name="testcase1" time="0.009"/>
  <testcase classname="Excercise.annotationPract" name="testcase7" time="0.002"/>
  <testcase classname="Excercise.annotationPract" name="testcase2" time="0.000"/>
</testsuite> <!-- Excercise.annotationPract -->
