<?xml version="1.0" encoding="UTF-8"?>
<testng-results ignored="0" total="1" passed="1" failed="0" skipped="0">
  <reporter-output>
  </reporter-output>
  <suite started-at="2026-03-06T14:40:14 EST" name="Suite" finished-at="2026-03-06T14:40:29 EST" duration-ms="15139">
    <groups>
    </groups>
    <test started-at="2026-03-06T14:40:14 EST" name="Test" finished-at="2026-03-06T14:40:29 EST" duration-ms="15139">
      <class name="testSuite.ProfilePageSuite">
        <test-method is-config="true" signature="openpage()[pri:0, instance:testSuite.ProfilePageSuite@47542153]" started-at="2026-03-06T14:40:14 EST" name="openpage" finished-at="2026-03-06T14:40:21 EST" duration-ms="7140" status="PASS">
          <reporter-output>
          </reporter-output>
        </test-method> <!-- openpage -->
        <test-method signature="changePasswordSuitemthd()[pri:0, instance:testSuite.ProfilePageSuite@47542153]" started-at="2026-03-06T14:40:21 EST" name="changePasswordSuitemthd" finished-at="2026-03-06T14:40:29 EST" duration-ms="7949" status="PASS">
          <reporter-output>
          </reporter-output>
        </test-method> <!-- changePasswordSuitemthd -->
      </class> <!-- testSuite.ProfilePageSuite -->
    </test> <!-- Test -->
  </suite> <!-- Suite -->
</testng-results>
