<?xml version="1.0" encoding="UTF-8"?>
<!-- Generated by org.testng.reporters.JUnitReportReporter -->
<testsuite hostname="Seema_laptop" failures="0" tests="4" name="Excercise.annotationPract2" time="0.009" errors="0" timestamp="2026-01-28T11:41:27 EST" skipped="0">
  <testcase classname="Excercise.annotationPract2" name="testcasepract2" time="0.001"/>
  <testcase classname="Excercise.annotationPract2" name="testcasepract3" time="0.003"/>
  <testcase classname="Excercise.annotationPract2" name="testcasepract1" time="0.002"/>
  <testcase classname="Excercise.annotationPract2" name="testcasepract4" time="0.003"/>
</testsuite> <!-- Excercise.annotationPract2 -->
