<?xml version="1.0" encoding="UTF-8"?>
<testng-results ignored="0" total="1" passed="1" failed="0" skipped="0">
  <reporter-output>
  </reporter-output>
  <suite started-at="2026-03-05T12:05:07 EST" name="Default suite" finished-at="2026-03-05T12:05:23 EST" duration-ms="15675">
    <groups>
    </groups>
    <test started-at="2026-03-05T12:05:07 EST" name="Default test" finished-at="2026-03-05T12:05:23 EST" duration-ms="15675">
      <class name="testSuite.ProfilePageSuite">
        <test-method is-config="true" signature="openpage()[pri:0, instance:testSuite.ProfilePageSuite@6e20b53a]" started-at="2026-03-05T12:05:07 EST" name="openpage" finished-at="2026-03-05T12:05:15 EST" duration-ms="7148" status="PASS">
          <reporter-output>
          </reporter-output>
        </test-method> <!-- openpage -->
        <test-method signature="changePasswordSuitemthd()[pri:0, instance:testSuite.ProfilePageSuite@6e20b53a]" started-at="2026-03-05T12:05:15 EST" name="changePasswordSuitemthd" finished-at="2026-03-05T12:05:23 EST" duration-ms="8477" status="PASS">
          <reporter-output>
          </reporter-output>
        </test-method> <!-- changePasswordSuitemthd -->
      </class> <!-- testSuite.ProfilePageSuite -->
    </test> <!-- Default test -->
  </suite> <!-- Default suite -->
</testng-results>
