<?xml version="1.0" encoding="UTF-8"?>
<!-- Generated by org.testng.reporters.JUnitXMLReporter -->
<testsuite ignored="0" hostname="Seema_laptop" failures="0" tests="7" name="Default test" time="0.088" errors="0" timestamp="2026-01-28T09:15:31 EST">
  <testcase classname="Excercise.annotationPract" name="testcase10" time="0.017"/>
  <testcase classname="Excercise.annotationPract" name="testcase2" time="0.003"/>
  <testcase classname="Excercise.annotationPract" name="testcase3" time="0.0"/>
  <testcase classname="Excercise.annotationPract" name="testcase4" time="0.001"/>
  <testcase classname="Excercise.annotationPract" name="testcase5" time="0.001"/>
  <testcase classname="Excercise.annotationPract" name="testcase6" time="0.001"/>
  <testcase classname="Excercise.annotationPract" name="testcase7" time="0.001"/>
</testsuite> <!-- Default test -->
